# GitHub Day7 search 20260716_131538 UTC

## "Day 7 freeze" "Octra"
repositories status 200
total_count 0
code status 200
total_count 0

## "DAY7" "HFHE" "Octra"
repositories status 200
total_count 0
code status 200
total_count 15
martinbogo/i2c_led_demos koi_pond.py https://github.com/martinbogo/i2c_led_demos/blob/88f372c5981bad7b01840abb3e801f9ec4a34be5/koi_pond.py
Jazis/PARSERS searching/ss/sorting/je.txt https://github.com/Jazis/PARSERS/blob/c8a693534bdea7e55f0f6ac81c9caf2a8ce8ce9b/searching/ss/sorting/je.txt
FLemon/ecoms public/wechatqr.svg https://github.com/FLemon/ecoms/blob/2a1d5ec9276b84ac75f5113e6f5dfef529878432/public/wechatqr.svg
Tecmmas/EasyTecmmasV1.0.20.0.4 views/oficina/salaespera/Vsalaespera.php https://github.com/Tecmmas/EasyTecmmasV1.0.20.0.4/blob/b7e831052f3f24f5b58a0c76ed9bc4abe9ea2b73/views/oficina/salaespera/Vsalaespera.php
jengler/bench_ds_projects generated_tree/dir_38/dir_52/file_3.txt https://github.com/jengler/bench_ds_projects/blob/5871b8fd7d57d29b387403f845713063c4c47abe/generated_tree/dir_38/dir_52/file_3.txt
Anzwarith/POSTTEST_VIS POSTTEST_4/Form1.resx https://github.com/Anzwarith/POSTTEST_VIS/blob/edd594e50467e1061883fa670e998e10e2f8a6d3/POSTTEST_4/Form1.resx
Keerthy572/UnicomTicManagementSystem UnicomTicManagementSystem/View/StaffDashboard.resx https://github.com/Keerthy572/UnicomTicManagementSystem/blob/85b092b79d8c3ccc9abb65912ba13542c7936316/UnicomTicManagementSystem/View/StaffDashboard.resx
RishabhK88/RivanSolutions 100Pages/httpsmpdbcaviewSMP0028480downloadtypefullvectorimage.svg https://github.com/RishabhK88/RivanSolutions/blob/87366d7040cc971b1f7110e1886b0a63651b9371/100Pages/httpsmpdbcaviewSMP0028480downloadtypefullvectorimage.svg

## "Octra HFHE" "Day 7"
repositories status 200
total_count 0
code status 200
total_count 0

## "HFHE v2" "Day 7"
repositories status 200
total_count 0
code status 200
total_count 0

## "Kubo100x" "Day 7" "Octra"
repositories status 200
total_count 0
code status 200
total_count 0
