# External repo triage 061302 UTC

## startkey/octra-hfhe-v2-public-audit
head=486be7a files_scanned=54
term='octC5eR9pLGKbpzTbDgHowkFt8HW7LZYb2gzehzxHamxuAZ' count=13 files=['README.md', 'evidence/twitter_public_search_refresh_20260715_054257.out', 'evidence/twitter_public_search_refresh_20260715_044233.out', 'evidence/x_kubo_2077300596064100794_20260715_092647.out', 'evidence/twitter_public_search_refresh_20260715_041222.out', 'evidence/twitter_public_search_refresh_20260715_064510.out', 'evidence/smoke_ui_assessment_triage_20260715_092647.out', 'evidence/twitter_public_search_refresh_20260715_051236.out', 'evidence/tomismeta_octra_sqlite_triage_latest.out', 'evidence/twitter_public_search_refresh_20260715_034426.out']
term='secret.ct' count=62 files=['README.md', 'evidence/official_update_probe_20260715_064510.out', 'evidence/github_html_issue_pr_refresh_20260715_051236.out', 'evidence/github_html_issue_pr_refresh_20260715_064510.out', 'evidence/artifact_bundle_boundary_audit_20260715_041222.out', 'evidence/artifact_integrity_focused_latest.out', 'evidence/github_html_marker_context_20260715_034355.out', 'evidence/smoke_ui_assessment_triage_20260715_092647.out', 'evidence/reproduce_summary_20260713_042416.txt', 'evidence/github_html_issue_pr_refresh_20260715_044233.out']
term='pk.bin' count=26 files=['README.md', 'evidence/artifact_bundle_boundary_audit_20260715_041222.out', 'evidence/artifact_integrity_focused_latest.out', 'evidence/smoke_ui_assessment_triage_20260715_092647.out', 'docs/FINDINGS.md', 'scripts/reproduce_blocked_conclusion.sh', 'report/HFHE_V2_BLOCKED_CONCLUSION_CURRENT.md']
term='PRF_R2' count=16 files=['status_latest.md', 'README.md', 'evidence/x_candidate_claim_triage_20260715_051236.out', 'evidence/prf_domain_dependency_audit_20260715_044233.out', 'audits/r_component_dependency_audit.py', 'docs/INTRODUCTION.md', 'docs/FINDINGS.md', 'report/current_route_audit_latest.md', 'report/HFHE_V2_BLOCKED_CONCLUSION_CURRENT.md']
term='PRF_R3' count=15 files=['status_latest.md', 'README.md', 'evidence/prf_domain_dependency_audit_20260715_044233.out', 'audits/r_component_dependency_audit.py', 'docs/INTRODUCTION.md', 'docs/FINDINGS.md', 'report/current_route_audit_latest.md', 'report/HFHE_V2_BLOCKED_CONCLUSION_CURRENT.md']
term='sk.prf_k' count=21 files=['status_latest.md', 'README.md', 'evidence/smoke_ui_assessment_triage_20260715_092647.out', 'evidence/prf_domain_dependency_audit_20260715_044233.out', 'docs/FINDINGS.md', 'report/current_route_audit_latest.md', 'report/HFHE_V2_BLOCKED_CONCLUSION_CURRENT.md']
term='plaintext' count=160 files=['status_latest.md', 'README.md', 'evidence/official_update_probe_20260715_064510.out', 'evidence/x_kubo_2077300596064100794_20260715_092647.out', 'evidence/x_candidate_claim_triage_20260715_051236.out', 'evidence/github_html_marker_context_20260715_034355.out', 'evidence/smoke_ui_assessment_triage_20260715_092647.out', 'evidence/tomismeta_marker_scan_20260715_041222.out', 'evidence/tomismeta_octra_sqlite_triage_latest.out', 'docs/INTRODUCTION.md']
term='private key' count=73 files=['status_latest.md', 'README.md', 'evidence/twitter_public_search_refresh_20260715_054257.out', 'evidence/twitter_public_search_refresh_20260715_044233.out', 'evidence/x_kubo_2077300596064100794_20260715_092647.out', 'evidence/x_candidate_claim_triage_20260715_051236.out', 'evidence/twitter_public_search_refresh_20260715_041222.out', 'evidence/twitter_public_search_refresh_20260715_064510.out', 'evidence/smoke_ui_assessment_triage_20260715_092647.out', 'evidence/twitter_public_search_refresh_20260715_051236.out']
term='mnemonic' count=21 files=['evidence/smoke_ui_assessment_triage_20260715_092647.out', 'evidence/tomismeta_marker_scan_20260715_041222.out', 'report/HFHE_V2_BLOCKED_CONCLUSION_CURRENT.md']
term='seed' count=80 files=['status_latest.md', 'evidence/seed_pc_collision_audit_20260715_054257.out', 'evidence/smoke_ui_assessment_triage_20260715_092647.out', 'evidence/prf_domain_dependency_audit_20260715_044233.out', 'evidence/reproduce_summary_20260713_042416.txt', 'evidence/tomismeta_marker_scan_20260715_041222.out', 'evidence/tomismeta_octra_sqlite_triage_latest.out', 'audits/r_component_dependency_audit.py', 'scripts/reproduce_blocked_conclusion.sh', 'report/smoke_ui_reference_assessment_latest.md']
artifact_files=[]

## asbryx/octra-hfhe-v2-cryptanalysis
head=2bf95e4 files_scanned=158
term='octC5eR9pLGKbpzTbDgHowkFt8HW7LZYb2gzehzxHamxuAZ' count=6 files=['tools/plaintext_constraint_bridge.py', 'archive/historical-audit-log.md', 'results/plaintext_constraint_bridge.json', 'results/public_chain_provenance.json', 'archive/legacy-probes/np03_wallet_candidates.py', 'archive/legacy-probes/funding-tx.json']
term='secret.ct' count=92 files=['README.md', 'research/reconstruction-audit.md', 'research/public-chain-provenance.md', 'research/five-path-continuation.md', 'tools/active_equation_map.cpp', 'archive/historical-audit-log.md', 'archive/rr-results.md', 'archive/qp-results.md', 'archive/fv-results.md', 'archive/rp-results.md']
term='pk.bin' count=75 files=['README.md', 'research/reconstruction-audit.md', 'research/public-chain-provenance.md', 'research/five-path-continuation.md', 'tools/active_equation_map.cpp', 'archive/historical-audit-log.md', 'archive/rr-results.md', 'archive/qp-results.md', 'archive/fv-results.md', 'archive/rp-results.md']
term='PRF_R2' count=7 files=['archive/historical-audit-log.md', 'archive/legacy-probes/prf_domain_audit.py', 'archive/legacy-probes/qp-02/qp02_prf_trunc.cpp', 'archive/legacy-probes/fv-02/fv02_full_bytes.cpp', 'archive/legacy-probes/rr-04/rr04_toep_rank_exact.cpp', 'archive/legacy-probes/rr-03/rr03_seeded_diff.cpp']
term='PRF_R3' count=7 files=['archive/historical-audit-log.md', 'archive/legacy-probes/prf_domain_audit.py', 'archive/legacy-probes/qp-02/qp02_prf_trunc.cpp', 'archive/legacy-probes/fv-02/fv02_full_bytes.cpp', 'archive/legacy-probes/rr-04/rr04_toep_rank_exact.cpp', 'archive/legacy-probes/rr-03/rr03_seeded_diff.cpp']
term='sk.prf_k' count=11 files=['tools/joint_pc_official.cpp', 'archive/historical-audit-log.md', 'archive/legacy-probes/qp-02/qp02_prf_trunc.cpp', 'archive/legacy-probes/fv-02/fv02_full_bytes.cpp', 'archive/legacy-probes/rr-04/rr04_toep_rank_exact.cpp', 'archive/legacy-probes/rr-03/rr03_seeded_diff.cpp']
term='plaintext' count=128 files=['STATUS.md', 'README.md', 'SHA256SUMS', 'research/reconstruction-audit.md', 'research/public-chain-provenance.md', 'research/final-exhaustion.md', 'research/five-path-continuation.md', 'research/moonshot-closures.md', 'tools/plaintext_constraint_bridge.py', 'tools/scan_public_objects.py']
term='private key' count=9 files=['research/reconstruction-audit.md', 'archive/historical-audit-log.md', 'archive/payload-template-matrix.csv']
term='mnemonic' count=32 files=['research/reconstruction-audit.md', 'tools/lpn_stego_scan.py', 'archive/historical-audit-log.md', 'archive/payload-template-matrix.csv', 'archive/rr-results.md', 'archive/qp-results.md', 'archive/fv-results.md', 'archive/rp-results.md', 'archive/historical-results.md', 'archive/legacy-probes/np03_wallet_candidates.py']
term='seed' count=973 files=['SHA256SUMS', 'research/reconstruction-audit.md', 'research/public-chain-provenance.md', 'research/final-exhaustion.md', 'research/moonshot-closures.md', 'tools/heuristic_ladder.py', 'tools/lpn_stego_scan.py', 'tools/check_finite_prf_candidates.py', 'tools/shared_midstate_scaling.py', 'tools/active_equation_map.cpp']
artifact_files=[]

## Chimdalu-Ofoegbu/Decryptor
ERROR CalledProcessError: Command '['git', '-C', '/tmp/hfhe_repo_triage_20260716_061302/Chimdalu-Ofoegbu__Decryptor', 'rev-parse', '--short', 'HEAD']' returned non-zero exit status 128.

