nxpath/pvac_hfhe_cpp 071b0e909c119de815e284b347c4bd979cb59ef3
uChiron/pvac_hfhe_cpp 071b0e909c119de815e284b347c4bd979cb59ef3
Iamknownasfesal/pvac_hfhe_cpp cdc6a527fed01ce4cbd569546efee8636ef1c78d
dewhush/pvac_hfhe_cpp 728397c4c648750766b4d55fbb6b0ac65c15fb8b
HuiosTheos17/pvac_hfhe_cpp 728397c4c648750766b4d55fbb6b0ac65c15fb8b
Onuoha11/pvac_hfhe_cpp 728397c4c648750766b4d55fbb6b0ac65c15fb8b
Arunkumarkethana/pvac_hfhe_cpp 728397c4c648750766b4d55fbb6b0ac65c15fb8b
jejerana902/pvac_hfhe_cpp ERR:HTTPError
bonjour22sss-lab/pvac_hfhe_cpp 728397c4c648750766b4d55fbb6b0ac65c15fb8b
bountyhunter123-crypto/pvac_hfhe_cpp 728397c4c648750766b4d55fbb6b0ac65c15fb8b
0xfryday/pvac_hfhe_cpp 728397c4c648750766b4d55fbb6b0ac65c15fb8b
whatislove666/pvac_hfhe_cpp c4a5d974be1a01ccefe04ddd043d2461a65186c2
RajeshRk18/pvac_hfhe_cpp c4a5d974be1a01ccefe04ddd043d2461a65186c2
0xRepox/pvac_hfhe_cpp c4a5d974be1a01ccefe04ddd043d2461a65186c2
Xyntera/pvac_hfhe_cpp e3dd49865c29ef7265c56a7c7875ced7570e3954
Bayu-spec/pvac_hfhe_cpp 6a876852aa4c52a945be719c9fc5c18dc9c6cb07
Wizbisy/pvac_hfhe_cpp 728397c4c648750766b4d55fbb6b0ac65c15fb8b
666-eth/pvac_hfhe_cpp 728397c4c648750766b4d55fbb6b0ac65c15fb8b
6a6ayan/Octra---pvac_hfhe_cpp e27a51b483beab76babd5399040ec0256115c2ee
vasihh2009/pvac_hfhe_cppbyv 0354661904a55126b10d93462e9568e1a70158de
maragung/pvac_hfhe_cpp 6d202a152df3d967943621bd8016defe746e5320
TonyBlaze1313/pvac_hfhe_cpp e27a51b483beab76babd5399040ec0256115c2ee
Theuvkhan/pvac_hfhe_cpp e27a51b483beab76babd5399040ec0256115c2ee
sayakomo/pvac_hfhe_cpp 4f31158e4403b8c1de2b6cd17004a22e347fc50a
Adejuwonvictor/pvac_hfhe_cpp e27a51b483beab76babd5399040ec0256115c2ee
B402For/pvac_hfhe_cpp e27a51b483beab76babd5399040ec0256115c2ee
Morena030/pvac_hfhe_cpp e27a51b483beab76babd5399040ec0256115c2ee
erlanggada/pvac_hfhe_cpp e27a51b483beab76babd5399040ec0256115c2ee
raddenpattah/pvac_hfhe_cpp d80cf99b32fb411abf2463626b7632aff3730350
deniginsb/pvac_hfhe_cpp d80cf99b32fb411abf2463626b7632aff3730350
franshel/pvac_hfhe_cpp d80cf99b32fb411abf2463626b7632aff3730350
namcangkua/pvac_hfhe_cpp-oct d80cf99b32fb411abf2463626b7632aff3730350
taiwofelix35/pvac_hfhe_cpp d80cf99b32fb411abf2463626b7632aff3730350
onmyway20/pvac_hfhe_cpp d555b2c4aa01794b50c9072b8d5f00305449e588
kepesengbanget/pvac_hfhe_cpp d80cf99b32fb411abf2463626b7632aff3730350
ekynug2/pvac_hfhe_cpp f932b501109a21bd9adf9e2aee9d983841ece5d9
alessaputraa/pvac_hfhe_cpp d80cf99b32fb411abf2463626b7632aff3730350
Dylangrant915/pvac_hfhe_cpp d80cf99b32fb411abf2463626b7632aff3730350
ypszn/pvac_hfhe_cpp d80cf99b32fb411abf2463626b7632aff3730350
Krusherk/pvac_hfhe_cpp d80cf99b32fb411abf2463626b7632aff3730350
Winnode/pvac_hfhe_cpp d80cf99b32fb411abf2463626b7632aff3730350
dimasytr/pvac_hfhe_cpp 8fb0769efeaefe2b152440f71a63a1b169a13a02
waldzo/pvac_hfhe_cpp fdb07263d0f73f9d18c1fdeddf4534c0b9966123
Yanu403/pvac_hfhe_cpp d04c4d806c40f734232cbce9e27306e10ff786fa
AganFebro/pvac_hfhe_cpp fdb07263d0f73f9d18c1fdeddf4534c0b9966123
Alhazard29/pvac_hfhe_cpp fdb07263d0f73f9d18c1fdeddf4534c0b9966123
elangrr/pvac_hfhe_cpp fdb07263d0f73f9d18c1fdeddf4534c0b9966123
Warx04/pvac_hfhe_cpp fdb07263d0f73f9d18c1fdeddf4534c0b9966123
anton2423/pvac_hfhe_cpp fdb07263d0f73f9d18c1fdeddf4534c0b9966123
OneNov0209/pvac_hfhe_cpp 2bba11fad856e7250fb0d25e437204612464cd4c
Konyuka/pvac_hfhe_cpp fdb07263d0f73f9d18c1fdeddf4534c0b9966123
Semutireng22/pvac_hfhe_cpp fdb07263d0f73f9d18c1fdeddf4534c0b9966123
Argona7/pvac_hfhe_cpp fdb07263d0f73f9d18c1fdeddf4534c0b9966123
Mayjor01/pvac_hfhe_cpp fdb07263d0f73f9d18c1fdeddf4534c0b9966123
Korgonxx/pvac_hfhe_cpp fdb07263d0f73f9d18c1fdeddf4534c0b9966123
Biglionaire/pvac_hfhe_cpp ERR:HTTPError
timiadey24/pvac_hfhe_cpp ERR:HTTPError
udine561/pvac_hfhe_cpp ERR:HTTPError
chris-in-the-shell/pvac_hfhe_cpp ERR:HTTPError
robertkohahimn/pvac_hfhe_cpp ERR:HTTPError
lambda0xE/pvac_hfhe_cpp ERR:HTTPError
0blvckivx0/pvac_hfhe_cpp ERR:HTTPError
