REPO "octC5eR9pLGKbpzTbDgHowkFt8HW7LZYb2gzehzxHamxuAZ" total=0 names=[]
CODE "octC5eR9pLGKbpzTbDgHowkFt8HW7LZYb2gzehzxHamxuAZ" ERROR HTTPError: HTTP Error 403: rate limit exceeded
REPO "HFHE Challenge v2" solved total=0 names=[]
CODE "HFHE Challenge v2" solved ERROR HTTPError: HTTP Error 403: rate limit exceeded
REPO "HFHE Challenge v2" plaintext total=0 names=[]
CODE "HFHE Challenge v2" plaintext ERROR HTTPError: HTTP Error 403: rate limit exceeded
REPO "HFHE Challenge v2" private key total=0 names=[]
CODE "HFHE Challenge v2" private key ERROR HTTPError: HTTP Error 403: rate limit exceeded
REPO "PRF_R2" "Octra" total=0 names=[]
CODE "PRF_R2" "Octra" ERROR HTTPError: HTTP Error 403: rate limit exceeded
REPO "PRF_R3" "Octra" total=0 names=[]
CODE "PRF_R3" "Octra" ERROR HTTPError: HTTP Error 403: rate limit exceeded
REPO "sk.prf_k" "Octra" total=0 names=[]
CODE "sk.prf_k" "Octra" ERROR HTTPError: HTTP Error 403: rate limit exceeded
REPO "Rku" "Octra" "HFHE" total=0 names=[]
CODE "Rku" "Octra" "HFHE" ERROR HTTPError: HTTP Error 403: rate limit exceeded
REPO "recrypt" "Octra" "HFHE" total=1 names=['loperanger7/pvac-bench-harness']
CODE "recrypt" "Octra" "HFHE" ERROR HTTPError: HTTP Error 403: rate limit exceeded
REPO "eval-key" "Octra" "HFHE" total=0 names=[]
CODE "eval-key" "Octra" "HFHE" ERROR HTTPError: HTTP Error 403: rate limit exceeded
REPO "Toeplitz" "Octra" "HFHE" ERROR HTTPError: HTTP Error 403: rate limit exceeded
CODE "Toeplitz" "Octra" "HFHE" ERROR HTTPError: HTTP Error 403: rate limit exceeded
REPO "secret.ct" "pk.bin" "Octra" ERROR HTTPError: HTTP Error 403: rate limit exceeded
CODE "secret.ct" "pk.bin" "Octra" ERROR HTTPError: HTTP Error 403: rate limit exceeded
