REPO_QUERY octC5eR9pLGKbpzTbDgHowkFt8HW7LZYb2gzehzxHamxuAZ total=0
CODE_QUERY octC5eR9pLGKbpzTbDgHowkFt8HW7LZYb2gzehzxHamxuAZ ERROR HTTPError: HTTP Error 403: rate limit exceeded
REPO_QUERY "octC5eR9pLGKbpzTbDgHowkFt8HW7LZYb2gzehzxHamxuAZ" total=0
CODE_QUERY "octC5eR9pLGKbpzTbDgHowkFt8HW7LZYb2gzehzxHamxuAZ" ERROR HTTPError: HTTP Error 403: rate limit exceeded
REPO_QUERY "HFHE Challenge v2" solved total=0
CODE_QUERY "HFHE Challenge v2" solved ERROR HTTPError: HTTP Error 403: rate limit exceeded
REPO_QUERY "HFHE Challenge v2" plaintext total=0
CODE_QUERY "HFHE Challenge v2" plaintext ERROR HTTPError: HTTP Error 403: rate limit exceeded
REPO_QUERY "HFHE Challenge v2" private key total=0
CODE_QUERY "HFHE Challenge v2" private key ERROR HTTPError: HTTP Error 403: rate limit exceeded
REPO_QUERY "PRF_R2" "Octra" total=0
CODE_QUERY "PRF_R2" "Octra" ERROR HTTPError: HTTP Error 403: rate limit exceeded
REPO_QUERY "PRF_R3" "Octra" total=0
CODE_QUERY "PRF_R3" "Octra" ERROR HTTPError: HTTP Error 403: rate limit exceeded
REPO_QUERY "sk.prf_k" "Octra" total=0
CODE_QUERY "sk.prf_k" "Octra" ERROR HTTPError: HTTP Error 403: rate limit exceeded
REPO_QUERY "Rku" "Octra" "HFHE" total=0
CODE_QUERY "Rku" "Octra" "HFHE" ERROR HTTPError: HTTP Error 403: rate limit exceeded
REPO_QUERY "recrypt" "Octra" "HFHE" total=1
  loperanger7/pvac-bench-harness https://github.com/loperanger7/pvac-bench-harness
CODE_QUERY "recrypt" "Octra" "HFHE" ERROR HTTPError: HTTP Error 403: rate limit exceeded
REPO_QUERY "eval-key" "Octra" "HFHE" ERROR HTTPError: HTTP Error 403: rate limit exceeded
CODE_QUERY "eval-key" "Octra" "HFHE" ERROR HTTPError: HTTP Error 403: rate limit exceeded
REPO_QUERY "Toeplitz" "Octra" "HFHE" ERROR HTTPError: HTTP Error 403: rate limit exceeded
CODE_QUERY "Toeplitz" "Octra" "HFHE" ERROR HTTPError: HTTP Error 403: rate limit exceeded
REPO_QUERY "secret.ct" "pk.bin" "Octra" ERROR HTTPError: HTTP Error 403: rate limit exceeded
CODE_QUERY "secret.ct" "pk.bin" "Octra" ERROR HTTPError: HTTP Error 403: rate limit exceeded
