# ifeoluwaaj PR branch focused scan 20260715_121851
repo ifeoluwaaj/hfhe-challenge updated 2026-07-10T16:37:04Z pushed 2026-07-12T06:03:19Z default main size 431182
scan_sha ffed46e744bb17871120fbc7e27102c92896567f
tree_items 65 truncated False
interesting_paths 46
 path ('REPORT.md', 'blob', 5410)
 path ('lpn_samples/ct00_l0_s0_pvac_prf_r_1.jsonl', 'blob', 17176022)
 path ('lpn_samples/ct00_l1_s0_pvac_prf_r_1.jsonl', 'blob', 17176023)
 path ('lpn_samples/ct01_l0_s0_pvac_prf_r_1.jsonl', 'blob', 17176022)
 path ('lpn_samples/ct01_l1_s0_pvac_prf_r_1.jsonl', 'blob', 17176023)
 path ('lpn_samples/ct02_l0_s0_pvac_prf_r_1.jsonl', 'blob', 17176021)
 path ('lpn_samples/ct02_l1_s0_pvac_prf_r_1.jsonl', 'blob', 17176022)
 path ('lpn_samples/ct03_l0_s0_pvac_prf_r_1.jsonl', 'blob', 17176022)
 path ('lpn_samples/ct03_l1_s0_pvac_prf_r_1.jsonl', 'blob', 17176022)
 path ('lpn_samples/ct04_l0_s0_pvac_prf_r_1.jsonl', 'blob', 17176023)
 path ('lpn_samples/ct04_l1_s0_pvac_prf_r_1.jsonl', 'blob', 17176023)
 path ('lpn_samples/ct05_l0_s0_pvac_prf_r_1.jsonl', 'blob', 17176023)
 path ('lpn_samples/ct05_l1_s0_pvac_prf_r_1.jsonl', 'blob', 17176022)
 path ('lpn_samples/ct06_l0_s0_pvac_prf_r_1.jsonl', 'blob', 17176023)
 path ('lpn_samples/ct06_l1_s0_pvac_prf_r_1.jsonl', 'blob', 17176022)
 path ('lpn_samples/ct07_l0_s0_pvac_prf_r_1.jsonl', 'blob', 17176023)
 path ('lpn_samples/ct07_l1_s0_pvac_prf_r_1.jsonl', 'blob', 17176022)
 path ('lpn_samples/ct08_l0_s0_pvac_prf_r_1.jsonl', 'blob', 17176022)
 path ('lpn_samples/ct08_l1_s0_pvac_prf_r_1.jsonl', 'blob', 17176023)
 path ('lpn_samples/ct09_l0_s0_pvac_prf_r_1.jsonl', 'blob', 17176023)
 path ('lpn_samples/ct09_l1_s0_pvac_prf_r_1.jsonl', 'blob', 17176023)
 path ('lpn_samples/ct10_l0_s0_pvac_prf_r_1.jsonl', 'blob', 17176022)
 path ('lpn_samples/ct10_l1_s0_pvac_prf_r_1.jsonl', 'blob', 17176024)
 path ('lpn_samples/ct11_l0_s0_pvac_prf_r_1.jsonl', 'blob', 17176024)
 path ('lpn_samples/ct11_l1_s0_pvac_prf_r_1.jsonl', 'blob', 17176024)
 path ('lpn_samples/ct12_l0_s0_pvac_prf_r_1.jsonl', 'blob', 17176024)
 path ('lpn_samples/ct12_l1_s0_pvac_prf_r_1.jsonl', 'blob', 17176023)
 path ('lpn_samples/ct13_l0_s0_pvac_prf_r_1.jsonl', 'blob', 17176024)
 path ('lpn_samples/ct13_l1_s0_pvac_prf_r_1.jsonl', 'blob', 17176024)
 path ('lpn_samples/ct14_l0_s0_pvac_prf_r_1.jsonl', 'blob', 17176024)
 path ('lpn_samples/ct14_l1_s0_pvac_prf_r_1.jsonl', 'blob', 17176022)
 path ('lpn_samples/ct15_l0_s0_pvac_prf_r_1.jsonl', 'blob', 17176023)
 path ('lpn_samples/ct15_l1_s0_pvac_prf_r_1.jsonl', 'blob', 17176023)
 path ('lpn_samples/ct16_l0_s0_pvac_prf_r_1.jsonl', 'blob', 17176022)
 path ('lpn_samples/ct16_l1_s0_pvac_prf_r_1.jsonl', 'blob', 17176024)
 path ('lpn_samples/ct17_l0_s0_pvac_prf_r_1.jsonl', 'blob', 17176023)
 path ('lpn_samples/ct17_l1_s0_pvac_prf_r_1.jsonl', 'blob', 17176024)
 path ('lpn_samples/ct18_l0_s0_pvac_prf_r_1.jsonl', 'blob', 17176023)
 path ('lpn_samples/ct18_l1_s0_pvac_prf_r_1.jsonl', 'blob', 17176022)
 path ('lpn_samples/ct19_l0_s0_pvac_prf_r_1.jsonl', 'blob', 17176023)
 path ('lpn_samples/ct19_l1_s0_pvac_prf_r_1.jsonl', 'blob', 17176023)
 path ('lpn_samples/ct20_l0_s0_pvac_prf_r_1.jsonl', 'blob', 17176023)
 path ('lpn_samples/ct20_l1_s0_pvac_prf_r_1.jsonl', 'blob', 17176024)
 path ('lpn_samples/ct21_l0_s0_pvac_prf_r_1.jsonl', 'blob', 17176023)
 path ('lpn_samples/ct21_l1_s0_pvac_prf_r_1.jsonl', 'blob', 17176022)
 path ('secret.ct', 'blob', 1963107)
content_hits 0
