# focused newest fork marker scan 20260715_115141

## 0xTaaa/hfhe-challenge
default main pushed 2026-07-11T08:49:01Z updated 2026-07-15T11:52:21Z size 431155
head 019380c97543620091409b0fbf73a8a773a9a0da
tree_items 57 truncated False
path_hits 48
 path ('lpn_samples/ct00_l0_s0_pvac_prf_r_1.jsonl', 'blob', 17176022)
 path ('lpn_samples/ct00_l1_s0_pvac_prf_r_1.jsonl', 'blob', 17176023)
 path ('lpn_samples/ct01_l0_s0_pvac_prf_r_1.jsonl', 'blob', 17176022)
 path ('lpn_samples/ct01_l1_s0_pvac_prf_r_1.jsonl', 'blob', 17176023)
 path ('lpn_samples/ct02_l0_s0_pvac_prf_r_1.jsonl', 'blob', 17176021)
 path ('lpn_samples/ct02_l1_s0_pvac_prf_r_1.jsonl', 'blob', 17176022)
 path ('lpn_samples/ct03_l0_s0_pvac_prf_r_1.jsonl', 'blob', 17176022)
 path ('lpn_samples/ct03_l1_s0_pvac_prf_r_1.jsonl', 'blob', 17176022)
 path ('lpn_samples/ct04_l0_s0_pvac_prf_r_1.jsonl', 'blob', 17176023)
 path ('lpn_samples/ct04_l1_s0_pvac_prf_r_1.jsonl', 'blob', 17176023)
 path ('lpn_samples/ct05_l0_s0_pvac_prf_r_1.jsonl', 'blob', 17176023)
 path ('lpn_samples/ct05_l1_s0_pvac_prf_r_1.jsonl', 'blob', 17176022)
 path ('lpn_samples/ct06_l0_s0_pvac_prf_r_1.jsonl', 'blob', 17176023)
 path ('lpn_samples/ct06_l1_s0_pvac_prf_r_1.jsonl', 'blob', 17176022)
 path ('lpn_samples/ct07_l0_s0_pvac_prf_r_1.jsonl', 'blob', 17176023)
 path ('lpn_samples/ct07_l1_s0_pvac_prf_r_1.jsonl', 'blob', 17176022)
 path ('lpn_samples/ct08_l0_s0_pvac_prf_r_1.jsonl', 'blob', 17176022)
 path ('lpn_samples/ct08_l1_s0_pvac_prf_r_1.jsonl', 'blob', 17176023)
 path ('lpn_samples/ct09_l0_s0_pvac_prf_r_1.jsonl', 'blob', 17176023)
 path ('lpn_samples/ct09_l1_s0_pvac_prf_r_1.jsonl', 'blob', 17176023)
 path ('lpn_samples/ct10_l0_s0_pvac_prf_r_1.jsonl', 'blob', 17176022)
 path ('lpn_samples/ct10_l1_s0_pvac_prf_r_1.jsonl', 'blob', 17176024)
 path ('lpn_samples/ct11_l0_s0_pvac_prf_r_1.jsonl', 'blob', 17176024)
 path ('lpn_samples/ct11_l1_s0_pvac_prf_r_1.jsonl', 'blob', 17176024)
 path ('lpn_samples/ct12_l0_s0_pvac_prf_r_1.jsonl', 'blob', 17176024)
 path ('lpn_samples/ct12_l1_s0_pvac_prf_r_1.jsonl', 'blob', 17176023)
 path ('lpn_samples/ct13_l0_s0_pvac_prf_r_1.jsonl', 'blob', 17176024)
 path ('lpn_samples/ct13_l1_s0_pvac_prf_r_1.jsonl', 'blob', 17176024)
 path ('lpn_samples/ct14_l0_s0_pvac_prf_r_1.jsonl', 'blob', 17176024)
 path ('lpn_samples/ct14_l1_s0_pvac_prf_r_1.jsonl', 'blob', 17176022)
 path ('lpn_samples/ct15_l0_s0_pvac_prf_r_1.jsonl', 'blob', 17176023)
 path ('lpn_samples/ct15_l1_s0_pvac_prf_r_1.jsonl', 'blob', 17176023)
 path ('lpn_samples/ct16_l0_s0_pvac_prf_r_1.jsonl', 'blob', 17176022)
 path ('lpn_samples/ct16_l1_s0_pvac_prf_r_1.jsonl', 'blob', 17176024)
 path ('lpn_samples/ct17_l0_s0_pvac_prf_r_1.jsonl', 'blob', 17176023)
 path ('lpn_samples/ct17_l1_s0_pvac_prf_r_1.jsonl', 'blob', 17176024)
 path ('lpn_samples/ct18_l0_s0_pvac_prf_r_1.jsonl', 'blob', 17176023)
 path ('lpn_samples/ct18_l1_s0_pvac_prf_r_1.jsonl', 'blob', 17176022)
 path ('lpn_samples/ct19_l0_s0_pvac_prf_r_1.jsonl', 'blob', 17176023)
 path ('lpn_samples/ct19_l1_s0_pvac_prf_r_1.jsonl', 'blob', 17176023)
content_marker_hits 5
 content ('README.md', ['private key', 'plaintext', 'octC5eR9pLGKbpzTbDgHowkFt8HW7LZYb2gzehzxHamxuAZ', 'secret.ct'])
 content ('manifest.json', ['plaintext', 'secret.ct'])
 content ('source/hfhe_bounty_artifact.cpp', ['plaintext', 'secret.ct'])
 content ('source/pvac_artifact_serialize.hpp', ['prf_k'])
 content ('source/tools/verify_lpn_sample_binding.cpp', ['secret.ct'])

## zhaoge7786/hfhe-challenge
default main pushed 2026-07-11T08:49:01Z updated 2026-07-15T11:30:50Z size 431155
head 019380c97543620091409b0fbf73a8a773a9a0da
tree_items 57 truncated False
path_hits 48
 path ('lpn_samples/ct00_l0_s0_pvac_prf_r_1.jsonl', 'blob', 17176022)
 path ('lpn_samples/ct00_l1_s0_pvac_prf_r_1.jsonl', 'blob', 17176023)
 path ('lpn_samples/ct01_l0_s0_pvac_prf_r_1.jsonl', 'blob', 17176022)
 path ('lpn_samples/ct01_l1_s0_pvac_prf_r_1.jsonl', 'blob', 17176023)
 path ('lpn_samples/ct02_l0_s0_pvac_prf_r_1.jsonl', 'blob', 17176021)
 path ('lpn_samples/ct02_l1_s0_pvac_prf_r_1.jsonl', 'blob', 17176022)
 path ('lpn_samples/ct03_l0_s0_pvac_prf_r_1.jsonl', 'blob', 17176022)
 path ('lpn_samples/ct03_l1_s0_pvac_prf_r_1.jsonl', 'blob', 17176022)
 path ('lpn_samples/ct04_l0_s0_pvac_prf_r_1.jsonl', 'blob', 17176023)
 path ('lpn_samples/ct04_l1_s0_pvac_prf_r_1.jsonl', 'blob', 17176023)
 path ('lpn_samples/ct05_l0_s0_pvac_prf_r_1.jsonl', 'blob', 17176023)
 path ('lpn_samples/ct05_l1_s0_pvac_prf_r_1.jsonl', 'blob', 17176022)
 path ('lpn_samples/ct06_l0_s0_pvac_prf_r_1.jsonl', 'blob', 17176023)
 path ('lpn_samples/ct06_l1_s0_pvac_prf_r_1.jsonl', 'blob', 17176022)
 path ('lpn_samples/ct07_l0_s0_pvac_prf_r_1.jsonl', 'blob', 17176023)
 path ('lpn_samples/ct07_l1_s0_pvac_prf_r_1.jsonl', 'blob', 17176022)
 path ('lpn_samples/ct08_l0_s0_pvac_prf_r_1.jsonl', 'blob', 17176022)
 path ('lpn_samples/ct08_l1_s0_pvac_prf_r_1.jsonl', 'blob', 17176023)
 path ('lpn_samples/ct09_l0_s0_pvac_prf_r_1.jsonl', 'blob', 17176023)
 path ('lpn_samples/ct09_l1_s0_pvac_prf_r_1.jsonl', 'blob', 17176023)
 path ('lpn_samples/ct10_l0_s0_pvac_prf_r_1.jsonl', 'blob', 17176022)
 path ('lpn_samples/ct10_l1_s0_pvac_prf_r_1.jsonl', 'blob', 17176024)
 path ('lpn_samples/ct11_l0_s0_pvac_prf_r_1.jsonl', 'blob', 17176024)
 path ('lpn_samples/ct11_l1_s0_pvac_prf_r_1.jsonl', 'blob', 17176024)
 path ('lpn_samples/ct12_l0_s0_pvac_prf_r_1.jsonl', 'blob', 17176024)
 path ('lpn_samples/ct12_l1_s0_pvac_prf_r_1.jsonl', 'blob', 17176023)
 path ('lpn_samples/ct13_l0_s0_pvac_prf_r_1.jsonl', 'blob', 17176024)
 path ('lpn_samples/ct13_l1_s0_pvac_prf_r_1.jsonl', 'blob', 17176024)
 path ('lpn_samples/ct14_l0_s0_pvac_prf_r_1.jsonl', 'blob', 17176024)
 path ('lpn_samples/ct14_l1_s0_pvac_prf_r_1.jsonl', 'blob', 17176022)
 path ('lpn_samples/ct15_l0_s0_pvac_prf_r_1.jsonl', 'blob', 17176023)
 path ('lpn_samples/ct15_l1_s0_pvac_prf_r_1.jsonl', 'blob', 17176023)
 path ('lpn_samples/ct16_l0_s0_pvac_prf_r_1.jsonl', 'blob', 17176022)
 path ('lpn_samples/ct16_l1_s0_pvac_prf_r_1.jsonl', 'blob', 17176024)
 path ('lpn_samples/ct17_l0_s0_pvac_prf_r_1.jsonl', 'blob', 17176023)
 path ('lpn_samples/ct17_l1_s0_pvac_prf_r_1.jsonl', 'blob', 17176024)
 path ('lpn_samples/ct18_l0_s0_pvac_prf_r_1.jsonl', 'blob', 17176023)
 path ('lpn_samples/ct18_l1_s0_pvac_prf_r_1.jsonl', 'blob', 17176022)
 path ('lpn_samples/ct19_l0_s0_pvac_prf_r_1.jsonl', 'blob', 17176023)
 path ('lpn_samples/ct19_l1_s0_pvac_prf_r_1.jsonl', 'blob', 17176023)
content_marker_hits 5
 content ('README.md', ['private key', 'plaintext', 'octC5eR9pLGKbpzTbDgHowkFt8HW7LZYb2gzehzxHamxuAZ', 'secret.ct'])
 content ('manifest.json', ['plaintext', 'secret.ct'])
 content ('source/hfhe_bounty_artifact.cpp', ['plaintext', 'secret.ct'])
 content ('source/pvac_artifact_serialize.hpp', ['prf_k'])
 content ('source/tools/verify_lpn_sample_binding.cpp', ['secret.ct'])

## erlanggada/hfhe-challenge
default main pushed 2026-07-11T08:49:01Z updated 2026-07-15T11:17:02Z size 431155
head 019380c97543620091409b0fbf73a8a773a9a0da
tree_items 57 truncated False
path_hits 48
 path ('lpn_samples/ct00_l0_s0_pvac_prf_r_1.jsonl', 'blob', 17176022)
 path ('lpn_samples/ct00_l1_s0_pvac_prf_r_1.jsonl', 'blob', 17176023)
 path ('lpn_samples/ct01_l0_s0_pvac_prf_r_1.jsonl', 'blob', 17176022)
 path ('lpn_samples/ct01_l1_s0_pvac_prf_r_1.jsonl', 'blob', 17176023)
 path ('lpn_samples/ct02_l0_s0_pvac_prf_r_1.jsonl', 'blob', 17176021)
 path ('lpn_samples/ct02_l1_s0_pvac_prf_r_1.jsonl', 'blob', 17176022)
 path ('lpn_samples/ct03_l0_s0_pvac_prf_r_1.jsonl', 'blob', 17176022)
 path ('lpn_samples/ct03_l1_s0_pvac_prf_r_1.jsonl', 'blob', 17176022)
 path ('lpn_samples/ct04_l0_s0_pvac_prf_r_1.jsonl', 'blob', 17176023)
 path ('lpn_samples/ct04_l1_s0_pvac_prf_r_1.jsonl', 'blob', 17176023)
 path ('lpn_samples/ct05_l0_s0_pvac_prf_r_1.jsonl', 'blob', 17176023)
 path ('lpn_samples/ct05_l1_s0_pvac_prf_r_1.jsonl', 'blob', 17176022)
 path ('lpn_samples/ct06_l0_s0_pvac_prf_r_1.jsonl', 'blob', 17176023)
 path ('lpn_samples/ct06_l1_s0_pvac_prf_r_1.jsonl', 'blob', 17176022)
 path ('lpn_samples/ct07_l0_s0_pvac_prf_r_1.jsonl', 'blob', 17176023)
 path ('lpn_samples/ct07_l1_s0_pvac_prf_r_1.jsonl', 'blob', 17176022)
 path ('lpn_samples/ct08_l0_s0_pvac_prf_r_1.jsonl', 'blob', 17176022)
 path ('lpn_samples/ct08_l1_s0_pvac_prf_r_1.jsonl', 'blob', 17176023)
 path ('lpn_samples/ct09_l0_s0_pvac_prf_r_1.jsonl', 'blob', 17176023)
 path ('lpn_samples/ct09_l1_s0_pvac_prf_r_1.jsonl', 'blob', 17176023)
 path ('lpn_samples/ct10_l0_s0_pvac_prf_r_1.jsonl', 'blob', 17176022)
 path ('lpn_samples/ct10_l1_s0_pvac_prf_r_1.jsonl', 'blob', 17176024)
 path ('lpn_samples/ct11_l0_s0_pvac_prf_r_1.jsonl', 'blob', 17176024)
 path ('lpn_samples/ct11_l1_s0_pvac_prf_r_1.jsonl', 'blob', 17176024)
 path ('lpn_samples/ct12_l0_s0_pvac_prf_r_1.jsonl', 'blob', 17176024)
 path ('lpn_samples/ct12_l1_s0_pvac_prf_r_1.jsonl', 'blob', 17176023)
 path ('lpn_samples/ct13_l0_s0_pvac_prf_r_1.jsonl', 'blob', 17176024)
 path ('lpn_samples/ct13_l1_s0_pvac_prf_r_1.jsonl', 'blob', 17176024)
 path ('lpn_samples/ct14_l0_s0_pvac_prf_r_1.jsonl', 'blob', 17176024)
 path ('lpn_samples/ct14_l1_s0_pvac_prf_r_1.jsonl', 'blob', 17176022)
 path ('lpn_samples/ct15_l0_s0_pvac_prf_r_1.jsonl', 'blob', 17176023)
 path ('lpn_samples/ct15_l1_s0_pvac_prf_r_1.jsonl', 'blob', 17176023)
 path ('lpn_samples/ct16_l0_s0_pvac_prf_r_1.jsonl', 'blob', 17176022)
 path ('lpn_samples/ct16_l1_s0_pvac_prf_r_1.jsonl', 'blob', 17176024)
 path ('lpn_samples/ct17_l0_s0_pvac_prf_r_1.jsonl', 'blob', 17176023)
 path ('lpn_samples/ct17_l1_s0_pvac_prf_r_1.jsonl', 'blob', 17176024)
 path ('lpn_samples/ct18_l0_s0_pvac_prf_r_1.jsonl', 'blob', 17176023)
 path ('lpn_samples/ct18_l1_s0_pvac_prf_r_1.jsonl', 'blob', 17176022)
 path ('lpn_samples/ct19_l0_s0_pvac_prf_r_1.jsonl', 'blob', 17176023)
 path ('lpn_samples/ct19_l1_s0_pvac_prf_r_1.jsonl', 'blob', 17176023)
content_marker_hits 5
 content ('README.md', ['private key', 'plaintext', 'octC5eR9pLGKbpzTbDgHowkFt8HW7LZYb2gzehzxHamxuAZ', 'secret.ct'])
 content ('manifest.json', ['plaintext', 'secret.ct'])
 content ('source/hfhe_bounty_artifact.cpp', ['plaintext', 'secret.ct'])
 content ('source/pvac_artifact_serialize.hpp', ['prf_k'])
 content ('source/tools/verify_lpn_sample_binding.cpp', ['secret.ct'])
