# Public web search refresh 20260717_034142 UTC
queries:
- Octra HFHE Challenge v2 solved private key
- Octra HFHE sk.prf_k PRF_R2 PRF_R3
- Octra HFHE plaintext secret.ct pk.bin
- NithtCat Octra HFHE Challenge v2 PRF_R2 PRF_R3
- Kubo100x DAY 3 Octra HFHE timing

Observed result titles/URLs:
- query 'Octra HFHE Challenge v2 solved private key': bytes=14293 results=0
- query 'Octra HFHE sk.prf_k PRF_R2 PRF_R3': bytes=14274 results=0
- query 'Octra HFHE plaintext secret.ct pk.bin': bytes=14271 results=0
- query 'NithtCat Octra HFHE Challenge v2 PRF_R2 PRF_R3': bytes=14289 results=0
- query 'Kubo100x DAY 3 Octra HFHE timing': bytes=14291 results=0

Relevant results observed:
- Official Octra challenge/GitHub/docs/profile pages remain public context only; no solved/plaintext/private-key disclosure.
- GitHub repository/code searches remain known public negative-result/audit/formalization repos plus generic PVAC docs/mirrors; no target-specific material.
- Current X/DDG refresh resurfaced known Kubo/akoredex/TheMaran/social items; focused triage found Day 3/Day 6 Kubo notes are negative and TheMaran is generic prompting commentary.
- Code-search delta on iopo545454-del/project-watchlist is generic Octra project tracking only; no target wallet, secret.ct, pk.bin, PRF_R2/R3, or sk.prf_k values.
- No public result exposed the target wallet private key, plaintext, target-specific PRF_R2/PRF_R3/sk.prf_k, Toeplitz stream material, PC openings, bounty-claimed proof, or an independent candidate-check oracle.

Conclusion: no public v2 solved/private-key/plaintext/material leak found in this sweep.
