# public numerator algebra audit
cipher_count=22
cipher[0] N0=54cd7669b430e2e0:3b6032a36dff0198 N1=62bc7afda3a798e7:fd64efda13be5723 zero=0
cipher[1] N0=deddbb1db584ebd:3a76052a15df13c N1=16a9dcbd9054b33b:c13313eafaa27bb8 zero=0
cipher[2] N0=32e410d504b7e6db:bd7fd18447eb3347 N1=13c926fb3db84797:4ea80555bb655751 zero=0
cipher[3] N0=114caa9d73c7a628:3713bd245db892cf N1=3b7f80e342819b23:87d3282023c0473b zero=0
cipher[4] N0=4c59397d9b04905b:3bd3534632014cd0 N1=2bcf5ebc9c9c8580:77c202a45ab7191a zero=0
cipher[5] N0=4696b25a8e77d8fc:5bdbe578c3cd0cf4 N1=77ee141b7b30f490:eceebd9f41a72c0c zero=0
cipher[6] N0=164ffdafd0d367c1:d2aac05eb981e91e N1=5b6d47756de488c9:7c555b923a1aaa30 zero=0
cipher[7] N0=48d1cef8075a28d7:1d08133843908e6 N1=777cb5e761328bca:5e24aa10c2619f15 zero=0
cipher[8] N0=6bb76815521a5dda:77f770d81c4c426d N1=4be41819c31eb6cd:d5e254e18faa757f zero=0
cipher[9] N0=13d1406430ce29ea:cb928fb2c6311072 N1=8525fd6219da3c6:2327ca8866988af1 zero=0
cipher[10] N0=2352307ce9fc638c:ec05d9e25b523d4f N1=644c36b550386291:9aa692b192fdeabc zero=0
cipher[11] N0=1e3e0cedccf5e4eb:5c54357a6d7746ca N1=2ee9d2c70420dbe7:4017f64a1c4d6b5b zero=0
cipher[12] N0=48b59f0a71819859:5389551c34fd348d N1=42c377172009fa33:56a35c1f5c9ff387 zero=0
cipher[13] N0=691e5b33451d39a1:87aa3b2d1a7f8d83 N1=50e0db752b0d4322:f3c2a415ed8cace1 zero=0
cipher[14] N0=505cb471ad42d83d:95835c3e6f8373c5 N1=681b1de0148c0d34:f67671d15b112a96 zero=0
cipher[15] N0=7bf3be7ba88c92e0:f8c8484ac6bdcb11 N1=6705a8da90032041:9e6f8308790cd91 zero=0
cipher[16] N0=7249b1e6c86274aa:3faca9ba1c2fe9c8 N1=3c1d261624c8daa5:3c72b911b7050b11 zero=0
cipher[17] N0=1b677492f2bdc94b:4695471826bacd3a N1=1e78da1274e71831:66c2e42ba733209a zero=0
cipher[18] N0=4e472b877f0e7bfd:c7f272b326955a48 N1=6aca7e08baf3f8dd:bb4f4acd261b88ee zero=0
cipher[19] N0=681cef4234931f06:4bf4a13abde5c301 N1=1f680ae7f2d0a91b:5886b86ff5717615 zero=0
cipher[20] N0=75b5e0d7335d0efb:d4081ca20767573b N1=678c32d6f4f93f56:fafe11776e84dfb3 zero=0
cipher[21] N0=5dddf2c6e355e5fa:126dad3a2ba0e13a N1=69c2b5cc5cea79d8:c70b269d7ae33829 zero=0
zero_public_numerators=0
unique_single_numerators=44 expected=44
duplicate_pairs=0 duplicate_ratios=0
assessment=no zero numerator, repeated wrapped pair, or repeated N0/N1 ratio oracle observed; field-only public numerators remain non-verifying under missing R masks
