# Public Twitter/X search via DuckDuckGo 2026-07-16T17:11:25.589428Z

## query: site:x.com octra HFHE challenge v2
bytes 33794
1. open HFHE challenge v2 this wallet holds 500,000 OCT ...
   https://x.com/octra/status/2075336875322032268
   
2. octra (@octra) / Posts / X
   https://x.com/octra
   
3. open HFHE challenge this wallet holds 500,000 OCT ...
   https://x.com/octra/status/2074422879131668578
   
4. Update on Octra HFHE v2 public audit. Day 6 algebraic track complete ...
   https://x.com/Kubo100x/status/2077300596064100794
   
5. To Test its HFHE encryption, @octra is launching a challenge for all ...
   https://x.com/OxCryptoQueen/status/2074424954318176591
   
6. spent time investigating the Octra HFHE v2 bounty from the public ...
   https://x.com/Kubo100x/status/2075388207882256852
   
7. Thanks for playing
   https://x.com/max21e8/status/2074448133426168286
   
8. update: we have moved the challenge funds back to the octra labs wallet ...
   https://x.com/octra/status/2074456863874097405
   

## query: site:x.com octra hfhe solved
bytes 33480
1. Update on Octra HFHE v2 public audit. Day 6 algebraic track complete ...
   https://x.com/Kubo100x/status/2077300596064100794
   
2. octra (@octra) / Posts / X
   https://x.com/octra
   
3. last year we published a simple explainer on how octra's hypergraph FHE ...
   https://x.com/octra/status/2053142986427351447
   
4. Octra Day 4: reduced-param scan, 0 invariants survive FDR. Algebra toy ...
   https://x.com/Kubo100x/status/2076815889291505832
   
5. open HFHE challenge v2 this wallet holds 500,000 OCT ...
   https://x.com/octra/status/2075336875322032268
   
6. open HFHE challenge this wallet holds 500,000 OCT ...
   https://x.com/octra/status/2074422879131668578
   
7. @octra Resolving the Hidden Subspace Isolate the Systemic Part of $H ...
   https://x.com/akoredex95/status/2075382909997838572
   
8. @octra MY FINDINGS 1/ Audited Octra's HFHE bounty v2 (pvac_hfhe_cpp ...
   https://x.com/akoredex95/status/2075379918800650241
   

## query: site:x.com octra hfhe private key
bytes 14212

## query: site:x.com octra hfhe lpn samples
bytes 14236

## query: site:x.com octC5eR9pLGKbpzTbDgHowkFt8HW7LZYb2gzehzxHamxuAZ
bytes 14268

## query: site:x.com 2075336875322032268
bytes 14224

## query: site:x.com octralex HFHE challenge
bytes 14220

## query: site:x.com octrabunch HFHE challenge
bytes 14234

# unique candidate X URLs
https://x.com/octra/status/2075336875322032268
https://x.com/octra
https://x.com/octra/status/2074422879131668578
https://x.com/Kubo100x/status/2077300596064100794
https://x.com/OxCryptoQueen/status/2074424954318176591
https://x.com/Kubo100x/status/2075388207882256852
https://x.com/max21e8/status/2074448133426168286
https://x.com/octra/status/2074456863874097405
https://x.com/octra/status/2053142986427351447
https://x.com/Kubo100x/status/2076815889291505832
https://x.com/akoredex95/status/2075382909997838572
https://x.com/akoredex95/status/2075379918800650241
