# Public Twitter/X search via DuckDuckGo 2026-07-16T15:10:53.664673Z

## query: site:x.com octra HFHE challenge v2
bytes 34196
1. open HFHE challenge v2 this wallet holds 500,000 OCT ...
   https://x.com/octra/status/2075336875322032268
   
2. octra (@octra) / Posts / X
   https://x.com/octra
   
3. open HFHE challenge this wallet holds 500,000 OCT ...
   https://x.com/octra/status/2074422879131668578
   
4. Update on Octra HFHE v2 public audit. Day 6 algebraic track complete ...
   https://x.com/Kubo100x/status/2077300596064100794
   
5. To Test its HFHE encryption, @octra is launching a challenge for all ...
   https://x.com/OxCryptoQueen/status/2074424954318176591
   
6. I did a full independent audit of the HFHE v2 bounty from the public ...
   https://x.com/eienel_eth/status/2075705444639629727
   
7. spent time investigating the Octra HFHE v2 bounty from the public ...
   https://x.com/Kubo100x/status/2075388207882256852
   
8. I've been bullposting and tinkering with Octra for several months now ...
   https://x.com/Hikkimori/status/2075727549301145922
   

## query: site:x.com octra hfhe solved
bytes 33892
1. Update on Octra HFHE v2 public audit. Day 6 algebraic track complete ...
   https://x.com/Kubo100x/status/2077300596064100794
   
2. last year we published a simple explainer on how octra's hypergraph FHE ...
   https://x.com/octra/status/2053142986427351447
   
3. @octra MY FINDINGS 1/ Audited Octra's HFHE bounty v2 (pvac_hfhe_cpp ...
   https://x.com/akoredex95/status/2075379918800650241
   
4. octra (@octra) / Posts / X
   https://x.com/octra
   
5. Octra Day 4: reduced-param scan, 0 invariants survive FDR. Algebra toy ...
   https://x.com/Kubo100x/status/2076815889291505832
   
6. @octra Resolving the Hidden Subspace Isolate the Systemic Part of $H ...
   https://x.com/akoredex95/status/2075382909997838572
   
7. open HFHE challenge v2 this wallet holds 500,000 OCT ...
   https://x.com/octra/status/2075336875322032268
   
8. DAY 3 UPDATE (WRITTEN + RAN) built + ran the timing/constancy probes on ...
   https://x.com/Kubo100x/status/2076482459785625853
   

## query: site:x.com octra hfhe private key
bytes 14230

## query: site:x.com octra hfhe lpn samples
bytes 14212

## query: site:x.com octC5eR9pLGKbpzTbDgHowkFt8HW7LZYb2gzehzxHamxuAZ
bytes 14261

## query: site:x.com 2075336875322032268
bytes 14212

## query: site:x.com octralex HFHE challenge
bytes 14220

## query: site:x.com octrabunch HFHE challenge
ERR TimeoutError('The read operation timed out')

# unique candidate X URLs
https://x.com/octra/status/2075336875322032268
https://x.com/octra
https://x.com/octra/status/2074422879131668578
https://x.com/Kubo100x/status/2077300596064100794
https://x.com/OxCryptoQueen/status/2074424954318176591
https://x.com/eienel_eth/status/2075705444639629727
https://x.com/Kubo100x/status/2075388207882256852
https://x.com/Hikkimori/status/2075727549301145922
https://x.com/octra/status/2053142986427351447
https://x.com/akoredex95/status/2075379918800650241
https://x.com/Kubo100x/status/2076815889291505832
https://x.com/akoredex95/status/2075382909997838572
https://x.com/Kubo100x/status/2076482459785625853
