# x/public search 20260715_203631
/Users/koala/hfhe_challenge_v2/twitter_public_search_refresh.py:14: DeprecationWarning: datetime.datetime.utcnow() is deprecated and scheduled for removal in a future version. Use timezone-aware objects to represent datetimes in UTC: datetime.datetime.now(datetime.UTC).
  print('# Public Twitter/X search via DuckDuckGo', datetime.datetime.utcnow().isoformat()+'Z')
# Public Twitter/X search via DuckDuckGo 2026-07-15T20:36:59.446891Z

## query: site:x.com octra HFHE challenge v2
bytes 14232

## query: site:x.com octra hfhe solved
bytes 14208

## query: site:x.com octra hfhe private key
bytes 14218

## query: site:x.com octra hfhe lpn samples
bytes 14224

## query: site:x.com octC5eR9pLGKbpzTbDgHowkFt8HW7LZYb2gzehzxHamxuAZ
bytes 14262

## query: site:x.com 2075336875322032268
bytes 14218

## query: site:x.com octralex HFHE challenge
bytes 14226

## query: site:x.com octrabunch HFHE challenge
bytes 14224

# unique candidate X URLs

## focused ddg

### "Octra HFHE v2" "Day 7"
hits 0

### "Octra HFHE" "solved"
hits 0

### "HFHE v2" "private key" "octra"
hits 0

### "PRF_R2" "hfhe"
hits 0

### "PRF_R3" "hfhe"
hits 0

### "octC5eR9pLGKbpzTbDgHowkFt8HW7LZYb2gzehzxHamxuAZ"
hits 0
