# Public Twitter/X search via DuckDuckGo 2026-07-18T08:21:31.766736Z

## query: site:x.com octra HFHE challenge v2
bytes 33596
1. open HFHE challenge v2 this wallet holds 500,000 OCT ...
   https://x.com/octra/status/2075336875322032268
   
2. open HFHE challenge this wallet holds 500,000 OCT ...
   https://x.com/octra/status/2074422879131668578
   
3. octra (@octra) / Posts / X
   https://x.com/octra
   
4. To Test its HFHE encryption, @octra is launching a challenge for all ...
   https://x.com/OxCryptoQueen/status/2074424954318176591
   
5. update: we have moved the challenge funds back to the octra labs wallet ...
   https://x.com/octra/status/2074456863874097405
   
6. Update on Octra HFHE v2 public audit. Day 6 algebraic track complete ...
   https://x.com/Kubo100x/status/2077300596064100794
   
7. spent time investigating the Octra HFHE v2 bounty from the public ...
   https://x.com/Kubo100x/status/2075388207882256852
   
8. the challenge to hack octra is back prepare your slop machines
   https://x.com/octrabunch/status/2075346412384952744
   

## query: site:x.com octra hfhe solved
bytes 33086
1. Update on Octra HFHE v2 public audit. Day 6 algebraic track complete ...
   https://x.com/Kubo100x/status/2077300596064100794
   
2. octra (@octra) / Posts / X
   https://x.com/octra
   
3. open HFHE challenge this wallet holds 500,000 OCT ...
   https://x.com/octra/status/2074422879131668578
   
4. open HFHE challenge v2 this wallet holds 500,000 OCT ...
   https://x.com/octra/status/2075336875322032268
   
5. @octra MY FINDINGS 1/ Audited Octra's HFHE bounty v2 (pvac_hfhe_cpp ...
   https://x.com/akoredex95/status/2075379918800650241
   
6. ocrta (@h7ff9888) / Posts / X
   https://x.com/h7ff9888
   
7. update: we have moved the challenge funds back to the octra labs wallet ...
   https://x.com/octra/status/2074456863874097405
   
8. Octra Day 4: reduced-param scan, 0 invariants survive FDR. Algebra toy ...
   https://x.com/Kubo100x/status/2076815889291505832
   

## query: site:x.com octra hfhe private key
bytes 14212

## query: site:x.com octra hfhe lpn samples
bytes 14236

## query: site:x.com octC5eR9pLGKbpzTbDgHowkFt8HW7LZYb2gzehzxHamxuAZ
bytes 14268

## query: site:x.com 2075336875322032268
bytes 14218

## query: site:x.com octralex HFHE challenge
bytes 14220

## query: site:x.com octrabunch HFHE challenge
bytes 14230

# unique candidate X URLs
https://x.com/octra/status/2075336875322032268
https://x.com/octra/status/2074422879131668578
https://x.com/octra
https://x.com/OxCryptoQueen/status/2074424954318176591
https://x.com/octra/status/2074456863874097405
https://x.com/Kubo100x/status/2077300596064100794
https://x.com/Kubo100x/status/2075388207882256852
https://x.com/octrabunch/status/2075346412384952744
https://x.com/akoredex95/status/2075379918800650241
https://x.com/h7ff9888
https://x.com/Kubo100x/status/2076815889291505832
