# Public Twitter/X search via DuckDuckGo 2026-07-17T07:43:27.096781Z

## query: site:x.com octra HFHE challenge v2
bytes 14225

## query: site:x.com octra hfhe solved
bytes 14208

## query: site:x.com octra hfhe private key
bytes 14236

## query: site:x.com octra hfhe lpn samples
bytes 33152
1. Update on Octra HFHE v2 public audit. Day 6 algebraic track complete ...
   https://x.com/Kubo100x/status/2077300596064100794
   
2. The challenge is now easier, but also fairer according even to initial ...
   https://x.com/octralex/status/2075870093708235148
   
3. challenge 2 update now there are lpn samples from sk.bin here ...
   https://x.com/lambda0xE/status/2075787279197508060
   
4. @0x2937 let me check. Correct Octra HFHE LPN Parameters (from public ...
   https://x.com/Kubo100x/status/2075521685269446801
   
5. open HFHE challenge this wallet holds 500,000 OCT ...
   https://x.com/octra/status/2074422879131668578
   
6. @lambda0xE released some new lpn samples to try and make the challenge ...
   https://x.com/Hikkimori/status/2075983722315207082
   
7. octra (@octra) / Posts / X
   https://x.com/octra
   
8. LPN Hardness over Hypergraph State and Epoch-Rotated Key Material ...
   https://x.com/octra/status/2058788955173118316
   

## query: site:x.com octC5eR9pLGKbpzTbDgHowkFt8HW7LZYb2gzehzxHamxuAZ
bytes 31288
1. open HFHE challenge v2 this wallet holds 500,000 OCT ...
   https://x.com/i/status/2075336875322032268
   
2. Twitter. It's what's happening / Twitter
   https://x.com/search-advanced
   
3. Help with logging in
   https://help.x.com/en/using-x/log-in-issues
   
4. Using X
   https://help.x.com/en/using-x
   
5. Log in with X - X
   https://docs.x.com/fundamentals/authentication/guides/log-in-with-x
   
6. About X | Our company and priorities
   https://about.x.com/en
   
7. Blog
   https://blog.x.com/en_us
   
8. Signing up - Twitter
   https://communitynotes.x.com/guide/en/contributing/signing-up
   

## query: site:x.com 2075336875322032268
bytes 14212

## query: site:x.com octralex HFHE challenge
bytes 14214

## query: site:x.com octrabunch HFHE challenge
bytes 14223

# unique candidate X URLs
https://x.com/Kubo100x/status/2077300596064100794
https://x.com/octralex/status/2075870093708235148
https://x.com/lambda0xE/status/2075787279197508060
https://x.com/Kubo100x/status/2075521685269446801
https://x.com/octra/status/2074422879131668578
https://x.com/Hikkimori/status/2075983722315207082
https://x.com/octra
https://x.com/octra/status/2058788955173118316
https://x.com/i/status/2075336875322032268
https://x.com/search-advanced
https://help.x.com/en/using-x/log-in-issues
https://help.x.com/en/using-x
https://docs.x.com/fundamentals/authentication/guides/log-in-with-x
https://about.x.com/en
https://blog.x.com/en_us
https://communitynotes.x.com/guide/en/contributing/signing-up
