/Users/koala/hfhe_challenge_v2/twitter_public_search_refresh.py:14: DeprecationWarning: datetime.datetime.utcnow() is deprecated and scheduled for removal in a future version. Use timezone-aware objects to represent datetimes in UTC: datetime.datetime.now(datetime.UTC).
  print('# Public Twitter/X search via DuckDuckGo', datetime.datetime.utcnow().isoformat()+'Z')
# Public Twitter/X search via DuckDuckGo 2026-07-15T09:48:26.250045Z

## query: site:x.com octra HFHE challenge v2
bytes 33862
1. open HFHE challenge v2 this wallet holds 500,000 OCT ...
   https://x.com/octra/status/2075336875322032268
   
2. open HFHE challenge this wallet holds 500,000 OCT ...
   https://x.com/octra/status/2074422879131668578
   
3. To Test its HFHE encryption, @octra is launching a challenge for all ...
   https://x.com/OxCryptoQueen/status/2074424954318176591
   
4. spent time investigating the Octra HFHE v2 bounty from the public ...
   https://x.com/Kubo100x/status/2075388207882256852
   
5. the challenge to hack octra is back prepare your slop machines
   https://x.com/octrabunch/status/2075346412384952744
   
6. I've been bullposting and tinkering with Octra for several months now ...
   https://x.com/Hikkimori/status/2075727549301145922
   
7. update: we have moved the challenge funds back to the octra labs wallet ...
   https://x.com/octra/status/2074456863874097405
   
8. If you succeed, you will also get 2M $Penguplush Octra coded
   https://x.com/labzdotlol/status/2075576847845273728
   

## query: site:x.com octra hfhe solved
bytes 34205
1. last year we published a simple explainer on how octra's hypergraph FHE ...
   https://x.com/octra/status/2053142986427351447
   
2. To Test its HFHE encryption, @octra is launching a challenge for all ...
   https://x.com/OxCryptoQueen/status/2074424954318176591
   
3. @octra MY FINDINGS 1/ Audited Octra's HFHE bounty v2 (pvac_hfhe_cpp ...
   https://x.com/akoredex95/status/2075379918800650241
   
4. spent time investigating the Octra HFHE v2 bounty from the public ...
   https://x.com/Kubo100x/status/2075388207882256852
   
5. octra (@octra) / Posts / X
   https://x.com/octra
   
6. @octra Resolving the Hidden Subspace Isolate the Systemic Part of $H ...
   https://x.com/akoredex95/status/2075382909997838572
   
7. I've been bullposting and tinkering with Octra for several months now ...
   https://x.com/Hikkimori/status/2075727549301145922
   
8. @0x2937 let me check. Correct Octra HFHE LPN Parameters (from public ...
   https://x.com/Kubo100x/status/2075521685269446801
   

## query: site:x.com octra hfhe private key
bytes 14211

## query: site:x.com octra hfhe lpn samples
bytes 14224

## query: site:x.com octC5eR9pLGKbpzTbDgHowkFt8HW7LZYb2gzehzxHamxuAZ
bytes 14274

## query: site:x.com 2075336875322032268
bytes 14212

## query: site:x.com octralex HFHE challenge
bytes 14214

## query: site:x.com octrabunch HFHE challenge
bytes 14218

# unique candidate X URLs
https://x.com/octra/status/2075336875322032268
https://x.com/octra/status/2074422879131668578
https://x.com/OxCryptoQueen/status/2074424954318176591
https://x.com/Kubo100x/status/2075388207882256852
https://x.com/octrabunch/status/2075346412384952744
https://x.com/Hikkimori/status/2075727549301145922
https://x.com/octra/status/2074456863874097405
https://x.com/labzdotlol/status/2075576847845273728
https://x.com/octra/status/2053142986427351447
https://x.com/akoredex95/status/2075379918800650241
https://x.com/octra
https://x.com/akoredex95/status/2075382909997838572
https://x.com/Kubo100x/status/2075521685269446801
